<?xml version="1.0" encoding="UTF-8"?>
<!-- Generated by org.testng.reporters.JUnitReportReporter -->
<testsuite hostname="MSI" failures="0" tests="1" name="testclass.TC_VerifyChrome_001" time="51.103" errors="0" timestamp="01 Apr 2021 18:34:59 GMT" skipped="0">
  <testcase classname="testclass.TC_VerifyChrome_001" name="open_in_Chrome_Browser" time="51.103"/>
</testsuite> <!-- testclass.TC_VerifyChrome_001 -->
