<?xml version="1.0" encoding="UTF-8"?>
<!-- Generated by org.testng.reporters.JUnitReportReporter -->
<testsuite hostname="MSI" failures="0" tests="8" name="com.calculatetripcost.testclasses.CruisesPageTestAndDeckPageTest" time="26.268" errors="0" timestamp="07 Apr 2021 05:06:00 GMT" skipped="0">
  <testcase classname="com.calculatetripcost.testclasses.CruisesPageTestAndDeckPageTest" name="openBrowser" time="1.113"/>
  <testcase classname="com.calculatetripcost.testclasses.CruisesPageTestAndDeckPageTest" name="check_url" time="2.710"/>
  <testcase classname="com.calculatetripcost.testclasses.CruisesPageTestAndDeckPageTest" name="TestHolidayHomesButton" time="0.083"/>
  <testcase classname="com.calculatetripcost.testclasses.CruisesPageTestAndDeckPageTest" name="destination_test" time="11.635"/>
  <testcase classname="com.calculatetripcost.testclasses.CruisesPageTestAndDeckPageTest" name="clickCruisesLinkTextTest" time="2.523"/>
  <testcase classname="com.calculatetripcost.testclasses.CruisesPageTestAndDeckPageTest" name="clickCruisesLineTest" time="0.283"/>
  <testcase classname="com.calculatetripcost.testclasses.CruisesPageTestAndDeckPageTest" name="clickCruiseShipTest" time="0.084"/>
  <testcase classname="com.calculatetripcost.testclasses.CruisesPageTestAndDeckPageTest" name="clickSearchButton" time="7.837"/>
</testsuite> <!-- com.calculatetripcost.testclasses.CruisesPageTestAndDeckPageTest -->
