<?xml version="1.0" encoding="UTF-8"?>
<!-- Generated by org.testng.reporters.JUnitReportReporter -->
<testsuite hostname="MSI" failures="0" tests="4" name="testclass.TestCases" time="21.412" errors="0" timestamp="06 Apr 2021 18:16:56 GMT" skipped="0">
  <testcase classname="testclass.TestCases" name="openBrowser" time="1.418"/>
  <testcase classname="testclass.TestCases" name="check_url" time="3.631"/>
  <testcase classname="testclass.TestCases" name="TestHolidayHomesButton" time="2.088"/>
  <testcase classname="testclass.TestCases" name="destination_test" time="14.275"/>
</testsuite> <!-- testclass.TestCases -->
