<?xml version="1.0" encoding="UTF-8"?>
<!-- Generated by org.testng.reporters.JUnitReportReporter -->
<testsuite hostname="MSI" failures="0" tests="4" name="testclass.TestCase1" time="37.569" errors="0" timestamp="07 Apr 2021 04:24:26 GMT" skipped="0">
  <testcase classname="testclass.TestCase1" name="openBrowser" time="1.452"/>
  <testcase classname="testclass.TestCase1" name="check_url" time="3.134"/>
  <testcase classname="testclass.TestCase1" name="TestHolidayHomesButton" time="2.102"/>
  <testcase classname="testclass.TestCase1" name="destination_test" time="30.881"/>
</testsuite> <!-- testclass.TestCase1 -->
