<?xml version="1.0" encoding="UTF-8"?>
<!-- Generated by org.testng.reporters.JUnitReportReporter -->
<testsuite hostname="MSI" failures="0" tests="8" name="testclass.TestClass2" time="34.926" errors="0" timestamp="06 Apr 2021 18:16:56 GMT" skipped="0">
  <testcase classname="testclass.TestClass2" name="openBrowser" time="1.071"/>
  <testcase classname="testclass.TestClass2" name="check_url" time="2.802"/>
  <testcase classname="testclass.TestClass2" name="TestHolidayHomesButton" time="2.090"/>
  <testcase classname="testclass.TestClass2" name="destination_test" time="22.517"/>
  <testcase classname="testclass.TestClass2" name="check_in_test" time="3.083"/>
  <testcase classname="testclass.TestClass2" name="select_check_in_date_test" time="0.132"/>
  <testcase classname="testclass.TestClass2" name="check_out_test" time="3.062"/>
  <testcase classname="testclass.TestClass2" name="select_check_out_date_test" time="0.169"/>
</testsuite> <!-- testclass.TestClass2 -->
