<?xml version="1.0" encoding="UTF-8"?>
<!-- Generated by org.testng.reporters.JUnitReportReporter -->
<testsuite hostname="MSI" failures="0" tests="17" name="testclass.TestCase2" time="56.156" errors="0" timestamp="07 Apr 2021 04:24:26 GMT" skipped="0">
  <testcase classname="testclass.TestCase2" name="openBrowser" time="1.068"/>
  <testcase classname="testclass.TestCase2" name="check_url" time="2.457"/>
  <testcase classname="testclass.TestCase2" name="TestHolidayHomesButton" time="0.090"/>
  <testcase classname="testclass.TestCase2" name="destination_test" time="19.436"/>
  <testcase classname="testclass.TestCase2" name="check_in_test" time="3.076"/>
  <testcase classname="testclass.TestCase2" name="select_check_in_date_test" time="0.142"/>
  <testcase classname="testclass.TestCase2" name="check_out_test" time="3.064"/>
  <testcase classname="testclass.TestCase2" name="select_check_out_date_test" time="0.167"/>
  <testcase classname="testclass.TestCase2" name="ClickGuestsDropDownTest" time="0.059"/>
  <testcase classname="testclass.TestCase2" name="chooseNumberOfGuestsTest" time="0.168"/>
  <testcase classname="testclass.TestCase2" name="clickApplyButtonTest" time="0.092"/>
  <testcase classname="testclass.TestCase2" name="clickSortByTest" time="0.957"/>
  <testcase classname="testclass.TestCase2" name="chooseSortBy" time="0.152"/>
  <testcase classname="testclass.TestCase2" name="clickMoreOptionsTest" time="0.174"/>
  <testcase classname="testclass.TestCase2" name="checkElevatorTest" time="3.333"/>
  <testcase classname="testclass.TestCase2" name="writetoExcelTest" time="0.488"/>
  <testcase classname="testclass.TestCase2" name="clickOnHolidayHomesNameLinksTest" time="21.233"/>
</testsuite> <!-- testclass.TestCase2 -->
