<?xml version="1.0" encoding="UTF-8"?>
<!-- Generated by org.testng.reporters.JUnitReportReporter -->
<testsuite hostname="MSI" failures="0" tests="3" name="com.calculatetripcost.testcases.LandingPageTest" time="16.485" errors="0" timestamp="11 Apr 2021 12:06:01 GMT" skipped="0">
  <testcase classname="com.calculatetripcost.testcases.LandingPageTest" name="check_url" time="2.496"/>
  <testcase classname="com.calculatetripcost.testcases.LandingPageTest" name="TestHolidayHomesButton" time="2.099"/>
  <testcase classname="com.calculatetripcost.testcases.LandingPageTest" name="destination_test" time="11.890"/>
</testsuite> <!-- com.calculatetripcost.testcases.LandingPageTest -->
