<?xml version="1.0" encoding="UTF-8"?>
<!-- Generated by org.testng.reporters.JUnitReportReporter -->
<testsuite hostname="MSI" failures="0" tests="15" name="com.calculatetripcost.testcases.NairobiSearchResultsPageTest" time="58.617" errors="0" timestamp="16 Apr 2021 09:16:14 GMT" skipped="0">
  <testcase classname="com.calculatetripcost.testcases.NairobiSearchResultsPageTest" name="check_url" time="2.610"/>
  <testcase classname="com.calculatetripcost.testcases.NairobiSearchResultsPageTest" name="TestHolidayHomesButton" time="0.334"/>
  <testcase classname="com.calculatetripcost.testcases.NairobiSearchResultsPageTest" name="destination_test" time="18.707"/>
  <testcase classname="com.calculatetripcost.testcases.NairobiSearchResultsPageTest" name="check_in_test" time="0.483"/>
  <testcase classname="com.calculatetripcost.testcases.NairobiSearchResultsPageTest" name="select_check_in_date_test" time="0.389"/>
  <testcase classname="com.calculatetripcost.testcases.NairobiSearchResultsPageTest" name="select_check_out_date_test" time="0.549"/>
  <testcase classname="com.calculatetripcost.testcases.NairobiSearchResultsPageTest" name="ClickGuestsDropDownTest" time="0.323"/>
  <testcase classname="com.calculatetripcost.testcases.NairobiSearchResultsPageTest" name="chooseNumberOfGuestsTest" time="0.120"/>
  <testcase classname="com.calculatetripcost.testcases.NairobiSearchResultsPageTest" name="clickApplyButtonTest" time="6.156"/>
  <testcase classname="com.calculatetripcost.testcases.NairobiSearchResultsPageTest" name="clickSortByTest" time="0.314"/>
  <testcase classname="com.calculatetripcost.testcases.NairobiSearchResultsPageTest" name="chooseSortBy" time="2.374"/>
  <testcase classname="com.calculatetripcost.testcases.NairobiSearchResultsPageTest" name="clickMoreOptionsTest" time="0.166"/>
  <testcase classname="com.calculatetripcost.testcases.NairobiSearchResultsPageTest" name="checkElevatorTest" time="3.783"/>
  <testcase classname="com.calculatetripcost.testcases.NairobiSearchResultsPageTest" name="writetoExcelTest" time="0.365"/>
  <testcase classname="com.calculatetripcost.testcases.NairobiSearchResultsPageTest" name="clickOnHolidayHomesNameLinksTest" time="21.944"/>
</testsuite> <!-- com.calculatetripcost.testcases.NairobiSearchResultsPageTest -->
