<?xml version="1.0" encoding="UTF-8"?>
<!-- Generated by org.testng.reporters.JUnitReportReporter -->
<testsuite hostname="MSI" failures="0" tests="3" name="com.calculatetripcost.testcases.LandingPageTest" time="12.441" errors="0" timestamp="2021-04-09T15:36:05 IST" skipped="0">
  <testcase classname="com.calculatetripcost.testcases.LandingPageTest" name="check_url" time="2.563"/>
  <system-out/>
  <testcase classname="com.calculatetripcost.testcases.LandingPageTest" name="TestHolidayHomesButton" time="2.113"/>
  <system-out/>
  <testcase classname="com.calculatetripcost.testcases.LandingPageTest" name="destination_test" time="7.765"/>
  <system-out/>
</testsuite> <!-- com.calculatetripcost.testcases.LandingPageTest -->
