<?xml version="1.0" encoding="UTF-8"?>
<!-- Generated by org.testng.reporters.JUnitReportReporter -->
<testsuite hostname="MSI" failures="0" tests="16" name="com.calculatetripcost.testcases.NairobiSearchResultsPageTest" time="39.589" errors="0" timestamp="2021-04-09T15:36:05 IST" skipped="0">
  <testcase classname="com.calculatetripcost.testcases.NairobiSearchResultsPageTest" name="check_url" time="2.474"/>
  <system-out/>
  <testcase classname="com.calculatetripcost.testcases.NairobiSearchResultsPageTest" name="TestHolidayHomesButton" time="0.106"/>
  <system-out/>
  <testcase classname="com.calculatetripcost.testcases.NairobiSearchResultsPageTest" name="destination_test" time="6.501"/>
  <system-out/>
  <testcase classname="com.calculatetripcost.testcases.NairobiSearchResultsPageTest" name="check_in_test" time="0.074"/>
  <system-out/>
  <testcase classname="com.calculatetripcost.testcases.NairobiSearchResultsPageTest" name="select_check_in_date_test" time="0.118"/>
  <system-out/>
  <testcase classname="com.calculatetripcost.testcases.NairobiSearchResultsPageTest" name="check_out_test" time="0.049"/>
  <system-out/>
  <testcase classname="com.calculatetripcost.testcases.NairobiSearchResultsPageTest" name="select_check_out_date_test" time="0.325"/>
  <system-out/>
  <testcase classname="com.calculatetripcost.testcases.NairobiSearchResultsPageTest" name="ClickGuestsDropDownTest" time="0.166"/>
  <system-out/>
  <testcase classname="com.calculatetripcost.testcases.NairobiSearchResultsPageTest" name="chooseNumberOfGuestsTest" time="0.268"/>
  <system-out/>
  <testcase classname="com.calculatetripcost.testcases.NairobiSearchResultsPageTest" name="clickApplyButtonTest" time="3.139"/>
  <system-out/>
  <testcase classname="com.calculatetripcost.testcases.NairobiSearchResultsPageTest" name="clickSortByTest" time="0.063"/>
  <system-out/>
  <testcase classname="com.calculatetripcost.testcases.NairobiSearchResultsPageTest" name="chooseSortBy" time="2.116"/>
  <system-out/>
  <testcase classname="com.calculatetripcost.testcases.NairobiSearchResultsPageTest" name="clickMoreOptionsTest" time="0.193"/>
  <system-out/>
  <testcase classname="com.calculatetripcost.testcases.NairobiSearchResultsPageTest" name="checkElevatorTest" time="3.273"/>
  <system-out/>
  <testcase classname="com.calculatetripcost.testcases.NairobiSearchResultsPageTest" name="writetoExcelTest" time="0.361"/>
  <system-out/>
  <testcase classname="com.calculatetripcost.testcases.NairobiSearchResultsPageTest" name="clickOnHolidayHomesNameLinksTest" time="20.363"/>
  <system-out/>
</testsuite> <!-- com.calculatetripcost.testcases.NairobiSearchResultsPageTest -->
